<?xml version="1.0" encoding="UTF-8"?>
<!-- Generated by org.testng.reporters.JUnitReportReporter -->
<testsuite skipped="0" hostname="MCNJY01" name="APITesting.com.org.api.WeatherGetRequests" tests="1" failures="0" timestamp="07 Aug 2017 09:15:39 GMT" time="2.922" errors="0">
  <testcase name="Test_09" time="2.922" classname="APITesting.com.org.api.WeatherGetRequests"/>
</testsuite> <!-- APITesting.com.org.api.WeatherGetRequests -->
