<?xml version="1.0" encoding="UTF-8"?>
<!-- Generated by org.testng.reporters.JUnitReportReporter -->
<testsuite skipped="0" hostname="MCNJY01" name="APITesting.com.org.api.JsonServerTest" tests="1" failures="0" timestamp="07 Aug 2017 10:20:18 GMT" time="2.493" errors="0">
  <testcase name="Test_03" time="2.493" classname="APITesting.com.org.api.JsonServerTest"/>
</testsuite> <!-- APITesting.com.org.api.JsonServerTest -->
